<?xml version="1.0" encoding="UTF-8"?>
<!-- Generated by org.testng.reporters.JUnitXMLReporter -->
<testsuite hostname="user-PC" ignored="0" name="todos in Firefox" tests="7" failures="0" timestamp="25 Jun 2017 17:09:04 GMT" time="0.624" errors="0">
  <testcase name="@BeforeClass launchBrowser" time="0.0" classname="org.maven.todomvc.DataDrivenTesting.AddingTodo">
    <failure type="org.testng.TestNGException" message="
Can inject only one of &amp;lt;ITestContext, XmlTest&amp;gt; into a BeforeClass annotated launchBrowser.
For more information on native dependency injection please refer to http://testng.org/doc/documentation-main.html#native-dependency-injection">
      <![CDATA[org.testng.TestNGException: 
Can inject only one of <ITestContext, XmlTest> into a BeforeClass annotated launchBrowser.
For more information on native dependency injection please refer to http://testng.org/doc/documentation-main.html#native-dependency-injection
	at org.testng.internal.Parameters.checkParameterTypes(Parameters.java:244)
	at org.testng.internal.Parameters.createParameters(Parameters.java:172)
	at org.testng.internal.Parameters.createParameters(Parameters.java:458)
	at org.testng.internal.Parameters.createConfigurationParameters(Parameters.java:118)
	at org.testng.internal.Invoker.invokeConfigurations(Invoker.java:203)
	at org.testng.internal.Invoker.invokeConfigurations(Invoker.java:144)
	at org.testng.internal.TestMethodWorker.invokeBeforeClassMethods(TestMethodWorker.java:169)
	at org.testng.internal.TestMethodWorker.run(TestMethodWorker.java:108)
	at org.testng.TestRunner.privateRun(TestRunner.java:756)
	at org.testng.TestRunner.run(TestRunner.java:610)
	at org.testng.SuiteRunner.runTest(SuiteRunner.java:387)
	at org.testng.SuiteRunner.access$000(SuiteRunner.java:39)
	at org.testng.SuiteRunner$SuiteWorker.run(SuiteRunner.java:421)
	at org.testng.internal.thread.ThreadUtil$2.call(ThreadUtil.java:64)
	at java.util.concurrent.FutureTask.run(FutureTask.java:266)
	at java.util.concurrent.ThreadPoolExecutor.runWorker(ThreadPoolExecutor.java:1142)
	at java.util.concurrent.ThreadPoolExecutor$Worker.run(ThreadPoolExecutor.java:617)
	at java.lang.Thread.run(Thread.java:745)
]]>
    </failure>
  </testcase> <!-- @BeforeClass launchBrowser -->
  <testcase name="@BeforeClass launchBrowser" time="0.0" classname="org.maven.todomvc.DataDrivenTesting.AddingTodo">
    <failure type="org.testng.TestNGException" message="
Can inject only one of &amp;lt;ITestContext, XmlTest&amp;gt; into a BeforeClass annotated launchBrowser.
For more information on native dependency injection please refer to http://testng.org/doc/documentation-main.html#native-dependency-injection">
      <![CDATA[org.testng.TestNGException: 
Can inject only one of <ITestContext, XmlTest> into a BeforeClass annotated launchBrowser.
For more information on native dependency injection please refer to http://testng.org/doc/documentation-main.html#native-dependency-injection
	at org.testng.internal.Parameters.checkParameterTypes(Parameters.java:244)
	at org.testng.internal.Parameters.createParameters(Parameters.java:172)
	at org.testng.internal.Parameters.createParameters(Parameters.java:458)
	at org.testng.internal.Parameters.createConfigurationParameters(Parameters.java:118)
	at org.testng.internal.Invoker.invokeConfigurations(Invoker.java:203)
	at org.testng.internal.Invoker.invokeConfigurations(Invoker.java:144)
	at org.testng.internal.TestMethodWorker.invokeBeforeClassMethods(TestMethodWorker.java:169)
	at org.testng.internal.TestMethodWorker.run(TestMethodWorker.java:108)
	at org.testng.TestRunner.privateRun(TestRunner.java:756)
	at org.testng.TestRunner.run(TestRunner.java:610)
	at org.testng.SuiteRunner.runTest(SuiteRunner.java:387)
	at org.testng.SuiteRunner.access$000(SuiteRunner.java:39)
	at org.testng.SuiteRunner$SuiteWorker.run(SuiteRunner.java:421)
	at org.testng.internal.thread.ThreadUtil$2.call(ThreadUtil.java:64)
	at java.util.concurrent.FutureTask.run(FutureTask.java:266)
	at java.util.concurrent.ThreadPoolExecutor.runWorker(ThreadPoolExecutor.java:1142)
	at java.util.concurrent.ThreadPoolExecutor$Worker.run(ThreadPoolExecutor.java:617)
	at java.lang.Thread.run(Thread.java:745)
]]>
    </failure>
  </testcase> <!-- @BeforeClass launchBrowser -->
  <testcase name="@AfterMethod Quit" time="0.0" classname="org.maven.todomvc.DataDrivenTesting.AddingTodo">
    <skipped/>
  </testcase> <!-- @AfterMethod Quit -->
  <testcase name="@AfterMethod Quit" time="0.0" classname="org.maven.todomvc.DataDrivenTesting.AddingTodo">
    <skipped/>
  </testcase> <!-- @AfterMethod Quit -->
  <testcase name="@AfterMethod Quit" time="0.0" classname="org.maven.todomvc.DataDrivenTesting.AddingTodo">
    <skipped/>
  </testcase> <!-- @AfterMethod Quit -->
  <testcase name="@AfterMethod Quit" time="0.0" classname="org.maven.todomvc.DataDrivenTesting.AddingTodo">
    <skipped/>
  </testcase> <!-- @AfterMethod Quit -->
  <testcase name="@AfterMethod Quit" time="0.0" classname="org.maven.todomvc.DataDrivenTesting.AddingTodo">
    <skipped/>
  </testcase> <!-- @AfterMethod Quit -->
  <testcase name="@AfterMethod Quit" time="0.0" classname="org.maven.todomvc.DataDrivenTesting.AddingTodo">
    <skipped/>
  </testcase> <!-- @AfterMethod Quit -->
  <testcase name="@AfterMethod Quit" time="0.0" classname="org.maven.todomvc.DataDrivenTesting.AddingTodo">
    <skipped/>
  </testcase> <!-- @AfterMethod Quit -->
  <testcase name="@AfterMethod Quit" time="0.0" classname="org.maven.todomvc.DataDrivenTesting.AddingTodo">
    <skipped/>
  </testcase> <!-- @AfterMethod Quit -->
  <testcase name="@AfterMethod Quit" time="0.0" classname="org.maven.todomvc.DataDrivenTesting.AddingTodo">
    <skipped/>
  </testcase> <!-- @AfterMethod Quit -->
  <testcase name="@AfterMethod Quit" time="0.0" classname="org.maven.todomvc.DataDrivenTesting.AddingTodo">
    <skipped/>
  </testcase> <!-- @AfterMethod Quit -->
  <testcase name="@AfterMethod Quit" time="0.0" classname="org.maven.todomvc.DataDrivenTesting.AddingTodo">
    <skipped/>
  </testcase> <!-- @AfterMethod Quit -->
  <testcase name="@AfterTest terminateBrowser" time="0.0" classname="org.maven.todomvc.DataDrivenTesting.AddingTodo">
    <skipped/>
  </testcase> <!-- @AfterTest terminateBrowser -->
  <testcase name="@AfterMethod Quit" time="0.0" classname="org.maven.todomvc.DataDrivenTesting.AddingTodo">
    <skipped/>
  </testcase> <!-- @AfterMethod Quit -->
  <testcase name="@AfterMethod Quit" time="0.0" classname="org.maven.todomvc.DataDrivenTesting.AddingTodo">
    <skipped/>
  </testcase> <!-- @AfterMethod Quit -->
  <testcase name="@AfterMethod Quit" time="0.0" classname="org.maven.todomvc.DataDrivenTesting.AddingTodo">
    <skipped/>
  </testcase> <!-- @AfterMethod Quit -->
  <testcase name="@AfterTest terminateBrowser" time="0.0" classname="org.maven.todomvc.DataDrivenTesting.AddingTodo">
    <skipped/>
  </testcase> <!-- @AfterTest terminateBrowser -->
  <testcase name="verifyHomepageTitle" time="0.047" classname="org.maven.todomvc.DataDrivenTesting.AddingTodo">
    <skipped/>
  </testcase> <!-- verifyHomepageTitle -->
  <testcase name="ReadExcel" time="0.0" classname="org.maven.todomvc.DataDrivenTesting.AddingTodo">
    <skipped/>
  </testcase> <!-- ReadExcel -->
  <testcase name="view_list_todo_element" time="0.0" classname="org.maven.todomvc.DataDrivenTesting.AddingTodo">
    <skipped/>
  </testcase> <!-- view_list_todo_element -->
  <testcase name="edit_a_todo_element" time="0.0" classname="org.maven.todomvc.DataDrivenTesting.AddingTodo">
    <skipped/>
  </testcase> <!-- edit_a_todo_element -->
  <testcase name="filtering_a_todo_element" time="0.0" classname="org.maven.todomvc.DataDrivenTesting.AddingTodo">
    <skipped/>
  </testcase> <!-- filtering_a_todo_element -->
  <testcase name="deleting_a_todo_element" time="0.0" classname="org.maven.todomvc.DataDrivenTesting.AddingTodo">
    <skipped/>
  </testcase> <!-- deleting_a_todo_element -->
  <testcase name="delete_all_element" time="0.0" classname="org.maven.todomvc.DataDrivenTesting.AddingTodo">
    <skipped/>
  </testcase> <!-- delete_all_element -->
</testsuite> <!-- todos in Firefox -->
